SF:lib/domain/entities/movie.dart
DA:4,13
DA:20,1
DA:41,7
DA:42,7
DA:43,7
DA:44,7
DA:45,7
DA:46,7
DA:47,7
DA:48,7
DA:49,7
DA:50,7
DA:51,7
DA:52,7
DA:53,7
DA:54,7
DA:55,7
LF:17
LH:17
end_of_record
SF:lib/domain/usecases/get_movie_recommendations.dart
DA:9,1
DA:11,1
DA:12,2
LF:3
LH:3
end_of_record
SF:lib/data/datasources/movie_local_data_source.dart
DA:19,1
DA:21,1
DA:24,2
DA:27,2
DA:31,1
DA:34,2
DA:37,2
DA:41,1
DA:43,2
DA:45,1
DA:51,1
DA:53,2
DA:54,4
LF:13
LH:13
end_of_record
SF:lib/data/datasources/movie_remote_data_source.dart
DA:21,1
DA:23,1
DA:26,4
DA:28,2
DA:29,4
DA:31,1
DA:35,1
DA:38,4
DA:40,2
DA:41,3
DA:43,1
DA:47,1
DA:49,1
DA:50,3
DA:52,2
DA:53,4
DA:55,1
DA:59,1
DA:62,4
DA:64,2
DA:65,4
DA:67,1
DA:71,1
DA:74,4
DA:76,2
DA:77,4
DA:79,1
DA:83,1
DA:85,1
DA:86,3
DA:88,2
DA:89,4
DA:91,1
LF:33
LH:33
end_of_record
SF:lib/data/models/movie_detail_model.dart
DA:6,2
DA:52,1
DA:53,1
DA:54,1
DA:55,1
DA:56,1
DA:57,1
DA:58,4
DA:59,1
DA:60,1
DA:61,1
DA:62,1
DA:63,1
DA:64,1
DA:65,2
DA:66,1
DA:67,1
DA:68,1
DA:69,1
DA:70,1
DA:71,1
DA:72,1
DA:73,1
DA:74,2
DA:75,1
DA:78,0
DA:79,0
DA:80,0
DA:81,0
DA:82,0
DA:83,0
DA:84,0
DA:85,0
DA:86,0
DA:87,0
DA:88,0
DA:89,0
DA:90,0
DA:91,0
DA:92,0
DA:93,0
DA:94,0
DA:95,0
DA:96,0
DA:97,0
DA:98,0
DA:99,0
DA:102,1
DA:103,1
DA:104,1
DA:105,1
DA:106,5
DA:107,1
DA:108,1
DA:109,1
DA:110,1
DA:111,1
DA:112,1
DA:113,1
DA:114,1
DA:115,1
DA:119,1
DA:120,1
DA:121,1
DA:122,1
DA:123,1
DA:124,1
DA:125,1
DA:126,1
DA:127,1
DA:128,1
DA:129,1
DA:130,1
DA:131,1
DA:132,1
DA:133,1
DA:134,1
DA:135,1
DA:136,1
DA:137,1
DA:138,1
DA:139,1
DA:140,1
DA:141,1
LF:84
LH:62
end_of_record
SF:lib/data/models/movie_model.dart
DA:5,4
DA:35,4
DA:36,2
DA:37,2
DA:38,8
DA:39,2
DA:40,2
DA:41,2
DA:42,4
DA:43,2
DA:44,2
DA:45,2
DA:46,2
DA:47,4
DA:48,2
DA:51,2
DA:52,1
DA:53,1
DA:54,4
DA:55,1
DA:56,1
DA:57,1
DA:58,1
DA:59,1
DA:60,1
DA:61,1
DA:62,1
DA:63,1
DA:64,1
DA:67,2
DA:68,2
DA:69,2
DA:70,2
DA:71,2
DA:72,2
DA:73,2
DA:74,2
DA:75,2
DA:76,2
DA:77,2
DA:78,2
DA:79,2
DA:80,2
DA:81,2
DA:85,2
DA:86,2
DA:87,2
DA:88,2
DA:89,2
DA:90,2
DA:91,2
DA:92,2
DA:93,2
DA:94,2
DA:95,2
DA:96,2
DA:97,2
DA:98,2
DA:99,2
LF:59
LH:59
end_of_record
SF:lib/data/models/movie_table.dart
DA:11,3
DA:18,2
DA:19,1
DA:20,1
DA:21,1
DA:22,1
DA:25,2
DA:26,1
DA:27,1
DA:28,1
DA:29,1
DA:32,2
DA:33,1
DA:34,1
DA:35,1
DA:36,1
DA:39,2
DA:40,1
DA:41,1
DA:42,1
DA:43,1
DA:46,2
DA:47,10
LF:23
LH:23
end_of_record
SF:lib/domain/entities/movie_detail.dart
DA:5,7
DA:33,2
DA:34,2
DA:35,2
DA:36,2
DA:37,2
DA:38,2
DA:39,2
DA:40,2
DA:41,2
DA:42,2
DA:43,2
DA:44,2
DA:45,2
LF:14
LH:14
end_of_record
SF:lib/domain/usecases/get_movie_detail.dart
DA:9,1
DA:11,1
DA:12,2
LF:3
LH:3
end_of_record
SF:lib/domain/usecases/get_now_playing_movies.dart
DA:9,1
DA:11,1
DA:12,2
LF:3
LH:3
end_of_record
SF:lib/domain/usecases/get_popular_movies.dart
DA:9,1
DA:11,1
DA:12,2
LF:3
LH:3
end_of_record
SF:lib/domain/usecases/get_top_rated_movies.dart
DA:9,1
DA:11,1
DA:12,2
LF:3
LH:3
end_of_record
SF:lib/domain/usecases/get_watchlist_movies.dart
DA:9,1
DA:11,1
DA:12,2
LF:3
LH:3
end_of_record
SF:lib/domain/usecases/get_watchlist_status.dart
DA:6,1
DA:8,1
DA:9,2
LF:3
LH:3
end_of_record
SF:lib/domain/usecases/remove_watchlist.dart
DA:9,1
DA:11,1
DA:12,2
LF:3
LH:3
end_of_record
SF:lib/domain/usecases/save_watchlist.dart
DA:9,1
DA:11,1
DA:12,2
LF:3
LH:3
end_of_record
SF:lib/presentation/bloc/movie_list/popular/movie_list_popular_bloc.dart
DA:11,2
DA:12,2
DA:13,1
DA:15,2
DA:17,2
DA:18,3
DA:19,1
DA:20,1
DA:21,2
DA:23,1
LF:10
LH:10
end_of_record
SF:lib/presentation/bloc/movie_list/popular/movie_list_popular_event.dart
DA:4,3
DA:6,0
DA:7,0
DA:11,0
DA:12,0
LF:5
LH:1
end_of_record
SF:lib/presentation/bloc/movie_list/popular/movie_list_popular_state.dart
DA:7,28
DA:9,0
DA:10,0
DA:16,26
DA:18,1
DA:19,2
DA:25,4
DA:27,1
DA:28,2
DA:34,3
DA:36,1
DA:37,2
LF:12
LH:10
end_of_record
SF:lib/presentation/pages/popular_movies_page.dart
DA:10,1
DA:11,1
DA:15,1
DA:17,1
DA:18,4
DA:21,1
DA:23,1
DA:24,1
DA:27,1
DA:29,1
DA:30,1
DA:31,1
DA:32,2
DA:36,0
DA:41,1
DA:42,1
DA:43,1
DA:44,2
DA:45,1
DA:47,2
DA:52,0
LF:21
LH:19
end_of_record
SF:lib/presentation/widgets/movie_card_list.dart
DA:9,3
DA:11,3
DA:13,3
DA:16,3
DA:17,0
DA:18,0
DA:21,0
DA:24,3
DA:26,3
DA:27,3
DA:28,3
DA:34,3
DA:36,3
DA:37,3
DA:38,6
DA:41,3
DA:43,3
DA:44,3
DA:45,6
DA:53,3
DA:58,3
DA:62,3
DA:63,9
DA:65,3
DA:68,0
LF:25
LH:21
end_of_record
SF:lib/data/models/movie_response.dart
DA:8,2
DA:10,4
DA:11,4
DA:12,6
DA:13,6
DA:16,2
DA:17,5
DA:20,1
DA:21,2
LF:9
LH:9
end_of_record
SF:lib/data/datasources/db/database_movie_helper.dart
DA:8,0
DA:12,0
DA:13,0
DA:17,0
DA:18,0
DA:23,0
DA:24,0
DA:26,0
DA:28,0
DA:35,0
DA:36,0
DA:43,0
DA:46,0
DA:47,0
DA:48,0
DA:51,0
DA:52,0
DA:53,0
DA:56,0
DA:60,0
DA:61,0
DA:62,0
DA:65,0
DA:68,0
DA:69,0
DA:75,0
DA:76,0
DA:77,0
LF:28
LH:0
end_of_record
SF:lib/presentation/bloc/watch_list/process/watchlist_process_bloc.dart
DA:16,1
DA:18,1
DA:19,2
DA:20,1
DA:22,1
DA:24,2
DA:26,1
DA:27,1
DA:28,3
DA:30,1
DA:31,2
DA:36,2
DA:37,1
DA:39,1
DA:41,2
DA:43,1
DA:44,1
DA:45,3
DA:47,1
DA:48,2
DA:53,2
DA:54,1
DA:56,1
DA:58,2
DA:60,2
LF:25
LH:25
end_of_record
SF:lib/presentation/bloc/watch_list/process/watchlist_process_event.dart
DA:5,3
DA:7,0
DA:8,0
DA:14,2
DA:16,0
DA:17,0
DA:23,1
DA:25,0
DA:26,0
DA:32,1
DA:34,0
DA:35,0
LF:12
LH:4
end_of_record
SF:lib/presentation/bloc/watch_list/process/watchlist_process_state.dart
DA:4,5
DA:6,0
DA:7,0
DA:13,3
DA:15,1
DA:16,2
DA:22,2
DA:24,1
DA:25,2
DA:31,3
DA:33,1
DA:34,2
DA:40,2
DA:42,1
DA:43,2
LF:15
LH:13
end_of_record
SF:lib/presentation/bloc/watch_list/list/watch_list_bloc.dart
DA:10,2
DA:11,2
DA:12,1
DA:14,2
DA:16,1
DA:17,1
DA:18,3
DA:20,1
DA:21,2
LF:9
LH:9
end_of_record
SF:lib/presentation/bloc/watch_list/list/watch_list_event.dart
DA:4,3
DA:6,0
DA:7,0
DA:11,3
DA:13,0
DA:14,0
LF:6
LH:2
end_of_record
SF:lib/presentation/bloc/watch_list/list/watch_list_state.dart
DA:6,6
DA:8,0
DA:9,0
DA:15,4
DA:17,1
DA:18,2
DA:24,2
DA:26,1
DA:27,2
DA:33,2
DA:35,1
DA:36,2
LF:12
LH:10
end_of_record
SF:lib/presentation/pages/watchlist_movies_page.dart
DA:11,1
DA:12,1
DA:17,1
DA:19,1
DA:20,3
DA:23,1
DA:25,1
DA:26,4
DA:29,0
DA:30,0
DA:33,1
DA:35,1
DA:36,1
DA:39,1
DA:41,1
DA:42,1
DA:43,1
DA:44,2
DA:48,2
DA:53,1
DA:54,1
DA:55,1
DA:56,2
DA:57,1
DA:59,2
DA:61,0
DA:62,0
DA:64,0
DA:69,0
DA:76,1
DA:78,2
DA:79,1
LF:32
LH:26
end_of_record
SF:lib/presentation/bloc/movie_detail/detail/movie_detail_bloc.dart
DA:11,2
DA:12,2
DA:13,1
DA:15,1
DA:17,2
DA:19,1
DA:20,1
DA:21,3
DA:23,1
DA:24,2
LF:10
LH:10
end_of_record
SF:lib/presentation/bloc/movie_detail/detail/movie_detail_event.dart
DA:4,2
DA:6,0
DA:7,0
DA:13,2
DA:15,0
DA:16,0
LF:6
LH:2
end_of_record
SF:lib/presentation/bloc/movie_detail/detail/movie_detail_state.dart
DA:6,7
DA:8,0
DA:9,0
DA:15,5
DA:17,1
DA:18,2
DA:24,2
DA:26,1
DA:27,2
DA:33,2
DA:35,1
DA:36,2
LF:12
LH:10
end_of_record
SF:lib/presentation/bloc/movie_detail/recommendation/movie_recommendation_bloc.dart
DA:11,1
DA:12,1
DA:13,2
DA:14,1
DA:16,1
DA:18,2
DA:20,1
DA:21,1
DA:22,3
DA:24,1
DA:25,2
LF:11
LH:11
end_of_record
SF:lib/presentation/bloc/movie_detail/recommendation/movie_recommendation_event.dart
DA:4,2
DA:6,0
DA:7,0
DA:13,2
DA:15,0
DA:16,0
LF:6
LH:2
end_of_record
SF:lib/presentation/bloc/movie_detail/recommendation/movie_recommendation_state.dart
DA:7,7
DA:9,0
DA:10,0
DA:16,5
DA:18,1
DA:19,2
DA:25,2
DA:27,1
DA:28,2
DA:34,2
DA:36,1
DA:37,2
LF:12
LH:10
end_of_record
SF:lib/presentation/bloc/movie_list/now_playing/movie_list_now_playing_bloc.dart
DA:12,1
DA:13,1
DA:14,2
DA:15,1
DA:17,2
DA:19,2
DA:20,3
DA:21,1
DA:22,1
DA:23,2
DA:25,1
LF:11
LH:11
end_of_record
SF:lib/presentation/bloc/movie_list/now_playing/movie_list_now_playing_event.dart
DA:4,2
DA:6,0
DA:7,0
DA:11,0
DA:12,0
LF:5
LH:1
end_of_record
SF:lib/presentation/bloc/movie_list/now_playing/movie_list_now_playing_state.dart
DA:7,9
DA:9,0
DA:10,0
DA:16,8
DA:18,1
DA:19,2
DA:25,3
DA:27,1
DA:28,2
DA:34,2
DA:36,1
DA:37,2
LF:12
LH:10
end_of_record
SF:lib/presentation/bloc/movie_list/top_rated/movie_list_top_rated_bloc.dart
DA:12,2
DA:13,2
DA:14,1
DA:16,2
DA:18,2
DA:19,3
DA:20,1
DA:21,1
DA:22,2
DA:24,1
LF:10
LH:10
end_of_record
SF:lib/presentation/bloc/movie_list/top_rated/movie_list_top_rated_event.dart
DA:4,3
DA:6,0
DA:7,0
DA:11,0
DA:12,0
LF:5
LH:1
end_of_record
SF:lib/presentation/bloc/movie_list/top_rated/movie_list_top_rated_state.dart
DA:7,11
DA:9,0
DA:10,0
DA:16,9
DA:18,1
DA:19,2
DA:25,4
DA:27,1
DA:28,2
DA:34,3
DA:36,1
DA:37,2
LF:12
LH:10
end_of_record
SF:lib/presentation/pages/top_rated_movies_page.dart
DA:10,1
DA:11,1
DA:15,1
DA:17,1
DA:18,4
DA:21,1
DA:23,1
DA:24,1
DA:27,1
DA:29,1
DA:30,1
DA:31,1
DA:32,2
DA:41,1
DA:42,1
DA:43,1
DA:44,2
DA:45,1
DA:47,2
LF:19
LH:19
end_of_record
SF:lib/presentation/pages/movie_detail_page.dart
DA:22,2
DA:24,1
DA:25,1
DA:29,1
DA:31,1
DA:32,6
DA:35,1
DA:37,1
DA:38,1
DA:39,1
DA:40,1
DA:41,0
DA:45,0
DA:50,1
DA:51,1
DA:52,1
DA:53,3
DA:55,0
DA:56,0
DA:59,0
DA:70,1
DA:72,1
DA:73,1
DA:77,1
DA:79,1
DA:81,1
DA:82,1
DA:83,4
DA:85,6
DA:88,1
DA:90,3
DA:92,2
DA:93,2
DA:94,2
DA:100,1
DA:101,1
DA:102,1
DA:103,4
DA:105,1
DA:108,0
DA:110,1
DA:112,1
DA:113,1
DA:114,1
DA:124,1
DA:125,1
DA:126,1
DA:128,1
DA:130,1
DA:132,1
DA:133,1
DA:135,3
DA:136,1
DA:138,1
DA:139,2
DA:142,1
DA:144,4
DA:146,1
DA:147,4
DA:149,1
DA:150,1
DA:151,1
DA:152,4
DA:154,1
DA:160,5
DA:164,1
DA:166,1
DA:168,1
DA:169,1
DA:170,3
DA:173,1
DA:175,1
DA:177,1
DA:179,1
DA:180,1
DA:181,2
DA:185,2
DA:190,1
DA:191,0
DA:192,1
DA:193,1
DA:195,1
DA:198,1
DA:199,2
DA:200,1
DA:202,1
DA:203,0
DA:204,0
DA:207,0
DA:210,1
DA:215,1
DA:217,2
DA:218,1
DA:224,0
DA:225,0
DA:231,2
DA:235,0
DA:242,1
DA:244,1
DA:259,1
DA:261,1
DA:264,1
DA:266,0
DA:267,0
DA:276,1
DA:278,2
DA:279,3
DA:282,1
DA:286,3
DA:289,1
DA:290,1
DA:291,1
DA:293,1
DA:294,1
DA:296,0
DA:305,1
DA:306,1
DA:308,1
DA:309,1
DA:313,3
DA:315,1
DA:317,1
DA:318,1
DA:319,1
DA:320,0
DA:321,0
DA:323,0
DA:324,0
DA:327,0
DA:328,0
DA:331,0
DA:332,0
DA:335,1
DA:337,1
DA:338,1
LF:135
LH:111
end_of_record
SF:lib/presentation/pages/home_movie_list_page.dart
DA:17,1
DA:18,1
DA:22,1
DA:24,1
DA:26,2
DA:27,4
DA:28,4
DA:29,4
DA:33,1
DA:35,1
DA:36,1
DA:38,1
DA:39,1
DA:41,1
DA:43,1
DA:44,1
DA:45,1
DA:46,2
DA:50,2
DA:55,1
DA:56,2
DA:60,0
DA:62,1
DA:64,0
DA:65,0
DA:67,1
DA:68,1
DA:69,1
DA:70,2
DA:74,2
DA:79,1
DA:80,2
DA:84,0
DA:86,1
DA:88,0
DA:89,0
DA:91,1
DA:92,1
DA:93,1
DA:94,2
DA:98,2
DA:103,1
DA:104,2
DA:108,0
DA:115,1
DA:116,1
DA:118,1
DA:119,1
DA:121,1
DA:123,1
DA:125,1
DA:137,1
DA:139,1
DA:141,1
DA:144,1
DA:146,1
DA:147,2
DA:148,1
DA:150,1
DA:151,0
DA:152,0
DA:155,0
DA:158,1
DA:160,1
DA:161,2
DA:162,1
DA:165,0
DA:171,2
LF:68
LH:57
end_of_record
SF:lib/data/repositories/movie_repository_impl.dart
DA:16,1
DA:21,1
DA:24,2
DA:25,5
DA:26,1
DA:27,2
DA:28,1
DA:29,2
DA:33,1
DA:36,2
DA:37,2
DA:38,1
DA:39,2
DA:40,1
DA:41,2
DA:45,1
DA:48,2
DA:49,3
DA:50,1
DA:51,2
DA:52,1
DA:53,2
DA:57,1
DA:60,2
DA:61,5
DA:62,1
DA:63,2
DA:64,1
DA:65,2
DA:69,1
DA:72,2
DA:73,5
DA:74,1
DA:75,2
DA:76,1
DA:77,2
DA:81,1
DA:84,2
DA:85,5
DA:86,1
DA:87,2
DA:88,1
DA:89,2
DA:93,1
DA:97,3
DA:98,1
DA:99,1
DA:100,3
DA:106,1
DA:110,3
DA:111,1
DA:112,1
DA:113,3
DA:117,1
DA:119,2
DA:123,1
DA:125,2
DA:126,5
LF:58
LH:58
end_of_record
