SF:lib\data\datasources\db\database_tv_series_helper.dart
DA:9,0
DA:13,0
DA:17,0
DA:18,0
DA:24,0
DA:25,0
DA:26,0
DA:28,0
DA:32,0
DA:33,0
DA:40,0
DA:43,0
DA:44,0
DA:45,0
DA:48,0
DA:49,0
DA:52,0
DA:54,0
DA:55,0
DA:61,0
DA:62,0
DA:64,0
DA:65,0
DA:68,0
DA:69,0
DA:72,0
LF:26
LH:0
end_of_record
SF:lib\data\models\tv_series_table.dart
DA:12,4
DA:19,4
DA:20,2
DA:21,2
DA:22,2
DA:23,2
DA:25,4
DA:26,2
DA:27,2
DA:28,2
DA:29,2
DA:32,4
DA:33,2
DA:34,2
DA:35,2
DA:36,2
DA:38,4
DA:39,2
DA:40,2
DA:41,2
DA:42,2
DA:45,3
DA:46,15
LF:23
LH:23
end_of_record
SF:lib\domain\entities\season.dart
DA:4,7
DA:20,3
DA:22,21
LF:3
LH:3
end_of_record
SF:lib\domain\entities\tv_series.dart
DA:4,3
DA:20,2
DA:41,3
DA:42,3
DA:43,3
DA:44,3
DA:45,3
DA:46,3
DA:47,3
DA:48,3
DA:49,3
DA:50,3
DA:51,3
DA:52,3
DA:53,3
DA:54,3
DA:55,3
LF:17
LH:17
end_of_record
SF:lib\domain\entities\tv_series_detail.dart
DA:6,6
DA:48,2
DA:49,2
DA:50,2
DA:51,2
DA:52,2
DA:53,2
DA:54,2
DA:55,2
DA:56,2
DA:57,2
DA:58,2
DA:59,2
DA:60,2
DA:61,2
DA:62,2
DA:63,2
DA:64,2
DA:65,2
DA:66,2
DA:67,2
DA:68,2
LF:22
LH:22
end_of_record
SF:lib\data\datasources\tv_series_local_data_source.dart
DA:19,1
DA:21,1
DA:23,2
DA:26,1
DA:32,1
DA:35,2
DA:38,2
DA:42,1
DA:45,2
DA:49,2
DA:53,1
DA:54,2
DA:56,4
LF:13
LH:13
end_of_record
SF:lib\data\models\season_model.dart
DA:8,4
DA:24,1
DA:25,2
DA:27,3
DA:29,6
DA:30,3
DA:31,3
DA:32,3
DA:33,3
DA:34,3
DA:35,3
DA:38,4
DA:39,2
DA:40,2
DA:41,2
DA:42,2
DA:43,2
DA:44,2
DA:47,3
DA:48,3
DA:49,3
DA:50,3
DA:51,3
DA:52,3
DA:53,3
DA:54,3
DA:57,3
DA:59,21
LF:28
LH:28
end_of_record
SF:lib\data\datasources\tv_series_remote_data_source.dart
DA:27,1
DA:29,1
DA:32,4
DA:34,2
DA:35,4
DA:37,1
DA:41,1
DA:44,4
DA:45,2
DA:46,4
DA:48,1
DA:52,1
DA:55,4
DA:56,2
DA:57,4
DA:59,1
DA:63,1
DA:65,4
DA:67,2
DA:68,3
DA:70,1
DA:74,1
DA:76,4
DA:78,2
DA:79,4
DA:81,1
DA:85,1
DA:87,4
DA:88,2
DA:89,4
DA:91,1
LF:31
LH:31
end_of_record
SF:lib\data\models\tv_series_detail_model.dart
DA:10,3
DA:52,1
DA:53,2
DA:55,3
DA:57,2
DA:58,2
DA:59,2
DA:60,2
DA:61,2
DA:62,8
DA:63,2
DA:64,8
DA:65,2
DA:66,2
DA:67,2
DA:68,2
DA:69,2
DA:70,2
DA:71,4
DA:72,2
DA:73,2
DA:74,8
DA:75,2
DA:76,2
DA:77,2
DA:78,4
DA:79,2
DA:82,2
DA:83,1
DA:84,1
DA:85,5
DA:86,1
DA:87,4
DA:88,1
DA:89,1
DA:90,1
DA:91,1
DA:92,1
DA:93,1
DA:94,1
DA:95,1
DA:96,5
DA:97,1
DA:98,1
DA:99,1
DA:100,1
DA:101,1
DA:104,2
DA:105,2
DA:106,2
DA:107,2
DA:108,10
DA:109,2
DA:110,2
DA:111,2
DA:112,2
DA:113,2
DA:114,2
DA:115,2
DA:116,2
DA:117,2
DA:118,2
DA:119,10
DA:120,2
DA:121,2
DA:122,2
DA:123,2
DA:124,2
DA:127,2
DA:128,2
DA:129,2
DA:130,2
DA:131,2
DA:132,2
DA:133,2
DA:134,2
DA:135,2
DA:136,2
DA:137,2
DA:138,2
DA:139,2
DA:140,2
DA:141,2
DA:142,2
DA:143,2
DA:144,2
DA:145,2
DA:146,2
DA:147,2
LF:89
LH:89
end_of_record
SF:lib\data\models\tv_series_model.dart
DA:6,4
DA:36,6
DA:37,12
DA:38,12
DA:39,3
DA:40,3
DA:41,3
DA:42,3
DA:43,3
DA:44,3
DA:45,3
DA:46,3
DA:47,6
DA:48,6
DA:49,3
DA:51,4
DA:52,2
DA:53,2
DA:54,2
DA:55,2
DA:56,2
DA:57,2
DA:58,2
DA:59,8
DA:60,8
DA:61,2
DA:62,2
DA:63,2
DA:64,2
DA:67,2
DA:68,2
DA:69,2
DA:70,2
DA:71,2
DA:72,2
DA:73,2
DA:74,2
DA:75,2
DA:76,2
DA:77,2
DA:78,2
DA:79,2
DA:80,2
DA:81,2
DA:85,3
DA:86,3
DA:87,3
DA:88,3
DA:89,3
DA:90,3
DA:91,3
DA:92,3
DA:93,3
DA:94,3
DA:95,3
DA:96,3
DA:97,3
DA:98,3
DA:99,3
LF:59
LH:59
end_of_record
SF:lib\data\models\tv_series_response.dart
DA:7,2
DA:9,2
DA:10,2
DA:11,2
DA:12,2
DA:13,2
DA:14,4
DA:16,6
DA:20,1
DA:21,6
DA:23,1
DA:24,2
LF:12
LH:12
end_of_record
SF:lib\domain\usecases\get_now_playing_tv_series.dart
DA:10,1
DA:12,1
DA:13,2
LF:3
LH:3
end_of_record
SF:lib\domain\usecases\get_popular_tv_series.dart
DA:10,1
DA:12,1
DA:13,2
LF:3
LH:3
end_of_record
SF:lib\domain\usecases\get_top_rated_tv_series.dart
DA:10,1
DA:12,1
DA:13,2
LF:3
LH:3
end_of_record
SF:lib\domain\usecases\get_tv_series_detail.dart
DA:10,1
DA:12,1
DA:13,2
LF:3
LH:3
end_of_record
SF:lib\domain\usecases\get_tv_series_recommendations.dart
DA:10,1
DA:12,1
DA:13,2
LF:3
LH:3
end_of_record
SF:lib\domain\usecases\get_tv_series_watch_list_status.dart
DA:7,1
DA:9,1
DA:10,2
LF:3
LH:3
end_of_record
SF:lib\domain\usecases\remove_tv_series_watchlist.dart
DA:10,1
DA:12,1
DA:13,2
LF:3
LH:3
end_of_record
SF:lib\domain\usecases\save_tv_series_watchlist.dart
DA:10,1
DA:12,1
DA:13,2
LF:3
LH:3
end_of_record
SF:lib\data\repositories\tv_series_repository_impl.dart
DA:17,1
DA:20,1
DA:23,2
DA:25,5
DA:26,1
DA:27,2
DA:28,1
DA:29,2
DA:33,1
DA:36,2
DA:38,5
DA:39,1
DA:40,2
DA:41,1
DA:42,2
DA:46,1
DA:49,2
DA:51,5
DA:52,1
DA:53,2
DA:54,1
DA:55,2
DA:59,1
DA:62,2
DA:64,2
DA:65,1
DA:66,2
DA:67,1
DA:68,2
DA:72,1
DA:75,2
DA:77,3
DA:78,1
DA:79,2
DA:80,1
DA:81,2
DA:85,1
DA:88,1
DA:89,2
DA:90,1
DA:91,1
DA:92,3
DA:98,1
DA:100,2
DA:105,1
DA:108,3
DA:110,1
DA:111,1
DA:112,3
DA:116,1
DA:118,2
DA:120,5
DA:123,1
DA:126,2
DA:127,5
DA:128,1
DA:129,2
DA:130,1
DA:131,2
LF:59
LH:59
end_of_record
SF:lib\domain\usecases\get_watchlist_tv_series.dart
DA:10,1
DA:12,1
DA:13,2
LF:3
LH:3
end_of_record
