SF:lib\domain\usecases\search_movies.dart
DA:9,1
DA:11,1
DA:12,2
LF:3
LH:3
end_of_record
SF:lib\domain\usecases\search_tv_series.dart
DA:9,1
DA:11,1
DA:12,2
LF:3
LH:3
end_of_record
SF:lib\presentation\bloc\search_movie_bloc.dart
DA:10,2
DA:11,2
DA:12,1
DA:14,1
DA:16,2
DA:18,1
DA:19,1
DA:20,3
DA:22,1
DA:23,1
DA:24,2
DA:26,1
LF:12
LH:12
end_of_record
SF:lib\presentation\bloc\search_movie_event.dart
DA:4,1
DA:6,0
DA:7,0
DA:13,1
DA:15,0
LF:5
LH:2
end_of_record
SF:lib\presentation\bloc\search_movie_state.dart
DA:6,6
DA:8,0
DA:9,0
DA:15,4
DA:17,1
DA:18,2
DA:24,2
DA:26,3
DA:32,2
DA:34,1
DA:35,2
LF:11
LH:9
end_of_record
SF:lib\presentation\bloc\search_tv_series_bloc.dart
DA:11,1
DA:12,1
DA:13,2
DA:14,1
DA:16,1
DA:18,2
DA:20,1
DA:21,1
DA:22,3
DA:24,1
DA:25,1
DA:26,2
DA:28,1
LF:13
LH:13
end_of_record
SF:lib\presentation\bloc\search_tv_series_event.dart
DA:4,1
DA:6,0
DA:7,0
DA:13,1
DA:15,0
DA:16,0
LF:6
LH:2
end_of_record
SF:lib\presentation\bloc\search_tv_series_state.dart
DA:6,6
DA:8,0
DA:9,0
DA:15,4
DA:17,1
DA:18,2
DA:24,2
DA:26,3
DA:32,2
DA:34,1
DA:35,1
LF:11
LH:9
end_of_record
SF:lib\presentation\pages\search_page.dart
DA:21,1
DA:23,1
DA:24,1
DA:28,1
DA:30,1
DA:31,1
DA:34,1
DA:36,1
DA:38,1
DA:39,1
DA:40,0
DA:41,0
DA:43,0
DA:44,0
DA:46,0
DA:48,0
DA:49,0
DA:60,1
DA:61,1
DA:62,1
DA:64,1
DA:66,2
DA:67,1
DA:68,1
DA:69,0
DA:70,0
DA:71,0
DA:72,0
DA:77,1
DA:78,1
DA:79,1
DA:81,2
DA:82,1
DA:83,1
DA:84,0
DA:85,0
DA:86,0
DA:87,0
DA:88,0
DA:96,1
DA:98,1
DA:100,1
DA:107,1
DA:108,2
DA:109,3
DA:110,1
DA:111,1
DA:112,1
DA:113,2
DA:117,2
DA:123,1
DA:124,1
DA:125,1
DA:126,1
DA:128,1
DA:129,2
DA:130,1
DA:134,1
DA:137,0
DA:143,0
DA:146,3
DA:147,1
DA:148,1
DA:149,1
DA:150,2
DA:154,2
DA:160,1
DA:161,1
DA:162,1
DA:163,1
DA:165,1
DA:166,2
DA:167,1
DA:169,1
DA:171,0
DA:176,0
DA:181,1
DA:182,1
LF:78
LH:58
end_of_record
