SF:lib\domain\usecases\search_movies.dart
DA:9,1
DA:11,1
DA:12,2
LF:3
LH:3
end_of_record
SF:lib\domain\usecases\search_tv_series.dart
DA:9,1
DA:11,1
DA:12,2
LF:3
LH:3
end_of_record
SF:lib\presentation\bloc\search_movie_bloc.dart
DA:10,2
DA:11,2
DA:12,1
DA:14,1
DA:16,2
DA:18,1
DA:19,1
DA:20,3
DA:22,1
DA:23,1
DA:24,2
DA:26,1
LF:12
LH:12
end_of_record
SF:lib\presentation\bloc\search_movie_event.dart
DA:4,1
DA:6,0
DA:7,0
DA:13,1
DA:15,0
LF:5
LH:2
end_of_record
SF:lib\presentation\bloc\search_movie_state.dart
DA:6,9
DA:8,0
DA:14,7
DA:16,1
DA:17,2
DA:23,2
DA:25,3
DA:31,2
DA:33,1
DA:34,2
LF:10
LH:9
end_of_record
SF:lib\presentation\bloc\search_tv_series_bloc.dart
DA:11,1
DA:12,1
DA:13,2
DA:14,1
DA:16,1
DA:18,2
DA:20,1
DA:21,1
DA:22,3
DA:24,1
DA:25,1
DA:26,2
DA:28,1
LF:13
LH:13
end_of_record
SF:lib\presentation\bloc\search_tv_series_event.dart
DA:4,1
DA:6,0
DA:7,0
DA:13,1
DA:15,0
DA:16,0
LF:6
LH:2
end_of_record
SF:lib\presentation\bloc\search_tv_series_state.dart
DA:6,6
DA:8,0
DA:9,0
DA:15,4
DA:17,1
DA:18,2
DA:24,2
DA:26,3
DA:32,2
DA:34,1
DA:35,1
LF:11
LH:9
end_of_record
SF:lib\presentation\pages\search_page.dart
DA:24,1
DA:26,1
DA:27,1
DA:31,1
DA:33,1
DA:34,1
DA:37,1
DA:39,1
DA:41,1
DA:42,1
DA:43,0
DA:44,0
DA:46,0
DA:47,0
DA:49,0
DA:51,0
DA:52,0
DA:63,1
DA:64,1
DA:65,1
DA:67,1
DA:69,2
DA:70,1
DA:71,1
DA:72,0
DA:73,0
DA:74,0
DA:75,0
DA:80,1
DA:81,1
DA:82,1
DA:84,2
DA:85,1
DA:86,1
DA:87,0
DA:88,0
DA:89,0
DA:90,0
DA:91,0
DA:99,1
DA:101,1
DA:103,1
DA:110,1
DA:111,2
DA:112,3
DA:113,1
DA:114,1
DA:115,1
DA:116,2
DA:120,2
DA:126,1
DA:127,1
DA:128,1
DA:129,1
DA:131,1
DA:132,2
DA:133,1
DA:137,1
DA:140,0
DA:146,0
DA:149,3
DA:150,1
DA:151,1
DA:152,1
DA:153,2
DA:157,2
DA:163,1
DA:164,1
DA:165,1
DA:166,1
DA:168,1
DA:169,2
DA:170,1
DA:172,1
DA:174,0
DA:179,0
DA:184,1
DA:185,1
LF:78
LH:58
end_of_record
